<?xml version="1.0" encoding="UTF-8"?>
<!-- Generated by org.testng.reporters.JUnitReportReporter -->
<testsuite skipped="0" hostname="SS-VAIO" name="test.LoginTest" tests="1" failures="0" timestamp="2020-02-26T20:44:20 CST" time="13.596" errors="0">
  <testcase name="validUserShouldBeAbleToLogin" time="13.596" classname="test.LoginTest"/>
</testsuite> <!-- test.LoginTest -->
